{"/home/lnegrao/workspace/pomodoro/src/components/common/AppIcon/index.tsx": {"path":"/home/lnegrao/workspace/pomodoro/src/components/common/AppIcon/index.tsx","statementMap":{"0":{"start":{"line":2,"column":2},"end":{"line":6,"column":4}},"1":{"start":{"line":10,"column":2},"end":{"line":14,"column":4}},"2":{"start":{"line":18,"column":2},"end":{"line":28,"column":4}},"3":{"start":{"line":32,"column":2},"end":{"line":41,"column":4}},"4":{"start":{"line":49,"column":2},"end":{"line":51,"column":3}},"5":{"start":{"line":50,"column":4},"end":{"line":50,"column":34}},"6":{"start":{"line":51,"column":4},"end":{"line":53,"column":3}},"7":{"start":{"line":52,"column":4},"end":{"line":52,"column":36}},"8":{"start":{"line":53,"column":4},"end":{"line":55,"column":3}},"9":{"start":{"line":54,"column":4},"end":{"line":54,"column":32}},"10":{"start":{"line":56,"column":2},"end":{"line":56,"column":33}}},"fnMap":{"0":{"name":"ArrowUp","decl":{"start":{"line":1,"column":9},"end":{"line":1,"column":16}},"loc":{"start":{"line":1,"column":19},"end":{"line":7,"column":1}},"line":1},"1":{"name":"ArrowDown","decl":{"start":{"line":9,"column":9},"end":{"line":9,"column":18}},"loc":{"start":{"line":9,"column":21},"end":{"line":15,"column":1}},"line":9},"2":{"name":"Close","decl":{"start":{"line":17,"column":9},"end":{"line":17,"column":14}},"loc":{"start":{"line":17,"column":17},"end":{"line":29,"column":1}},"line":17},"3":{"name":"Settings","decl":{"start":{"line":31,"column":9},"end":{"line":31,"column":17}},"loc":{"start":{"line":31,"column":20},"end":{"line":42,"column":1}},"line":31},"4":{"name":"AppIcon","decl":{"start":{"line":48,"column":24},"end":{"line":48,"column":31}},"loc":{"start":{"line":48,"column":56},"end":{"line":57,"column":1}},"line":48}},"branchMap":{"0":{"loc":{"start":{"line":49,"column":2},"end":{"line":51,"column":3}},"type":"if","locations":[{"start":{"line":49,"column":2},"end":{"line":51,"column":3}},{"start":{"line":49,"column":2},"end":{"line":51,"column":3}}],"line":49},"1":{"loc":{"start":{"line":51,"column":4},"end":{"line":53,"column":3}},"type":"if","locations":[{"start":{"line":51,"column":4},"end":{"line":53,"column":3}},{"start":{"line":51,"column":4},"end":{"line":53,"column":3}}],"line":51},"2":{"loc":{"start":{"line":53,"column":4},"end":{"line":55,"column":3}},"type":"if","locations":[{"start":{"line":53,"column":4},"end":{"line":55,"column":3}},{"start":{"line":53,"column":4},"end":{"line":55,"column":3}}],"line":53}},"s":{"0":0,"1":0,"2":0,"3":0,"4":0,"5":0,"6":0,"7":0,"8":0,"9":0,"10":0},"f":{"0":0,"1":0,"2":0,"3":0,"4":0},"b":{"0":[0,0],"1":[0,0],"2":[0,0]}}
,"/home/lnegrao/workspace/pomodoro/src/components/common/Logo/index.tsx": {"path":"/home/lnegrao/workspace/pomodoro/src/components/common/Logo/index.tsx","statementMap":{"0":{"start":{"line":2,"column":2},"end":{"line":5,"column":4}}},"fnMap":{"0":{"name":"Logo","decl":{"start":{"line":1,"column":24},"end":{"line":1,"column":28}},"loc":{"start":{"line":1,"column":31},"end":{"line":6,"column":1}},"line":1}},"branchMap":{},"s":{"0":0},"f":{"0":0},"b":{}}
,"/home/lnegrao/workspace/pomodoro/src/components/common/SEO/index.tsx": {"path":"/home/lnegrao/workspace/pomodoro/src/components/common/SEO/index.tsx","statementMap":{"0":{"start":{"line":15,"column":2},"end":{"line":37,"column":4}}},"fnMap":{"0":{"name":"SEO","decl":{"start":{"line":9,"column":24},"end":{"line":9,"column":27}},"loc":{"start":{"line":13,"column":13},"end":{"line":38,"column":1}},"line":13}},"branchMap":{},"s":{"0":1},"f":{"0":1},"b":{},"_coverageSchema":"1a1c01bbd47fc00a2c39e90264f33305004495a9","hash":"cde8dbc8adf600ae31c69f139b48f804ea87b50f"}
,"/home/lnegrao/workspace/pomodoro/src/components/foundation/Text/index.tsx": {"path":"/home/lnegrao/workspace/pomodoro/src/components/foundation/Text/index.tsx","statementMap":{"0":{"start":{"line":5,"column":31},"end":{"line":29,"column":1}},"1":{"start":{"line":5,"column":57},"end":{"line":29,"column":1}},"2":{"start":{"line":6,"column":30},"end":{"line":6,"column":73}},"3":{"start":{"line":7,"column":32},"end":{"line":7,"column":77}},"4":{"start":{"line":8,"column":32},"end":{"line":8,"column":77}},"5":{"start":{"line":11,"column":4},"end":{"line":15,"column":5}},"6":{"start":{"line":12,"column":6},"end":{"line":14,"column":6}},"7":{"start":{"line":17,"column":4},"end":{"line":17,"column":14}},"8":{"start":{"line":21,"column":4},"end":{"line":25,"column":5}},"9":{"start":{"line":22,"column":6},"end":{"line":24,"column":6}},"10":{"start":{"line":27,"column":4},"end":{"line":27,"column":14}},"11":{"start":{"line":36,"column":23},"end":{"line":40,"column":1}},"12":{"start":{"line":37,"column":21},"end":{"line":37,"column":45}},"13":{"start":{"line":38,"column":26},"end":{"line":38,"column":44}},"14":{"start":{"line":51,"column":2},"end":{"line":59,"column":4}}},"fnMap":{"0":{"name":"(anonymous_0)","decl":{"start":{"line":5,"column":31},"end":{"line":5,"column":32}},"loc":{"start":{"line":5,"column":57},"end":{"line":29,"column":1}},"line":5},"1":{"name":"(anonymous_1)","decl":{"start":{"line":6,"column":15},"end":{"line":6,"column":16}},"loc":{"start":{"line":6,"column":30},"end":{"line":6,"column":73}},"line":6},"2":{"name":"(anonymous_2)","decl":{"start":{"line":7,"column":17},"end":{"line":7,"column":18}},"loc":{"start":{"line":7,"column":32},"end":{"line":7,"column":77}},"line":7},"3":{"name":"(anonymous_3)","decl":{"start":{"line":8,"column":17},"end":{"line":8,"column":18}},"loc":{"start":{"line":8,"column":32},"end":{"line":8,"column":77}},"line":8},"4":{"name":"(anonymous_4)","decl":{"start":{"line":10,"column":4},"end":{"line":10,"column":5}},"loc":{"start":{"line":10,"column":19},"end":{"line":18,"column":3}},"line":10},"5":{"name":"(anonymous_5)","decl":{"start":{"line":20,"column":4},"end":{"line":20,"column":5}},"loc":{"start":{"line":20,"column":19},"end":{"line":28,"column":3}},"line":20},"6":{"name":"(anonymous_6)","decl":{"start":{"line":37,"column":4},"end":{"line":37,"column":5}},"loc":{"start":{"line":37,"column":21},"end":{"line":37,"column":45}},"line":37},"7":{"name":"(anonymous_7)","decl":{"start":{"line":38,"column":11},"end":{"line":38,"column":12}},"loc":{"start":{"line":38,"column":26},"end":{"line":38,"column":44}},"line":38},"8":{"name":"Text","decl":{"start":{"line":48,"column":24},"end":{"line":48,"column":28}},"loc":{"start":{"line":50,"column":14},"end":{"line":60,"column":1}},"line":50}},"branchMap":{"0":{"loc":{"start":{"line":11,"column":4},"end":{"line":15,"column":5}},"type":"if","locations":[{"start":{"line":11,"column":4},"end":{"line":15,"column":5}},{"start":{"line":11,"column":4},"end":{"line":15,"column":5}}],"line":11},"1":{"loc":{"start":{"line":21,"column":4},"end":{"line":25,"column":5}},"type":"if","locations":[{"start":{"line":21,"column":4},"end":{"line":25,"column":5}},{"start":{"line":21,"column":4},"end":{"line":25,"column":5}}],"line":21},"2":{"loc":{"start":{"line":49,"column":2},"end":{"line":49,"column":14}},"type":"default-arg","locations":[{"start":{"line":49,"column":8},"end":{"line":49,"column":14}}],"line":49}},"s":{"0":1,"1":2,"2":2,"3":2,"4":2,"5":2,"6":1,"7":1,"8":2,"9":1,"10":1,"11":1,"12":2,"13":2,"14":2},"f":{"0":2,"1":2,"2":2,"3":2,"4":2,"5":2,"6":2,"7":2,"8":2},"b":{"0":[1,1],"1":[1,1],"2":[1]},"_coverageSchema":"1a1c01bbd47fc00a2c39e90264f33305004495a9","hash":"1cb7e146d5ba3f0e32dbf30920ea0d09466dd5cd"}
,"/home/lnegrao/workspace/pomodoro/src/components/screens/HomeScreen/index.tsx": {"path":"/home/lnegrao/workspace/pomodoro/src/components/screens/HomeScreen/index.tsx","statementMap":{"0":{"start":{"line":6,"column":20},"end":{"line":11,"column":1}},"1":{"start":{"line":10,"column":31},"end":{"line":10,"column":56}},"2":{"start":{"line":13,"column":20},"end":{"line":20,"column":1}},"3":{"start":{"line":23,"column":2},"end":{"line":35,"column":4}}},"fnMap":{"0":{"name":"(anonymous_0)","decl":{"start":{"line":10,"column":16},"end":{"line":10,"column":17}},"loc":{"start":{"line":10,"column":31},"end":{"line":10,"column":56}},"line":10},"1":{"name":"HomeScreen","decl":{"start":{"line":22,"column":24},"end":{"line":22,"column":34}},"loc":{"start":{"line":22,"column":37},"end":{"line":36,"column":1}},"line":22}},"branchMap":{},"s":{"0":0,"1":0,"2":0,"3":0},"f":{"0":0,"1":0},"b":{}}
}
