TN:
SF:src/components/common/AppIcon/index.tsx
FN:1,ArrowUp
FN:9,ArrowDown
FN:17,Close
FN:31,Settings
FN:48,AppIcon
FNF:5
FNH:0
FNDA:0,ArrowUp
FNDA:0,ArrowDown
FNDA:0,Close
FNDA:0,Settings
FNDA:0,AppIcon
DA:2,0
DA:10,0
DA:18,0
DA:32,0
DA:49,0
DA:50,0
DA:51,0
DA:52,0
DA:53,0
DA:54,0
DA:56,0
LF:11
LH:0
BRDA:49,0,0,0
BRDA:49,0,1,0
BRDA:51,1,0,0
BRDA:51,1,1,0
BRDA:53,2,0,0
BRDA:53,2,1,0
BRF:6
BRH:0
end_of_record
TN:
SF:src/components/common/Logo/index.tsx
FN:1,Logo
FNF:1
FNH:0
FNDA:0,Logo
DA:2,0
LF:1
LH:0
BRF:0
BRH:0
end_of_record
TN:
SF:src/components/common/SEO/index.tsx
FN:9,SEO
FNF:1
FNH:1
FNDA:1,SEO
DA:15,1
LF:1
LH:1
BRF:0
BRH:0
end_of_record
TN:
SF:src/components/foundation/Text/index.tsx
FN:5,(anonymous_0)
FN:6,(anonymous_1)
FN:7,(anonymous_2)
FN:8,(anonymous_3)
FN:10,(anonymous_4)
FN:20,(anonymous_5)
FN:37,(anonymous_6)
FN:38,(anonymous_7)
FN:48,Text
FNF:9
FNH:9
FNDA:2,(anonymous_0)
FNDA:2,(anonymous_1)
FNDA:2,(anonymous_2)
FNDA:2,(anonymous_3)
FNDA:2,(anonymous_4)
FNDA:2,(anonymous_5)
FNDA:2,(anonymous_6)
FNDA:2,(anonymous_7)
FNDA:2,Text
DA:5,2
DA:6,2
DA:7,2
DA:8,2
DA:11,2
DA:12,1
DA:17,1
DA:21,2
DA:22,1
DA:27,1
DA:36,1
DA:37,2
DA:38,2
DA:51,2
LF:14
LH:14
BRDA:11,0,0,1
BRDA:11,0,1,1
BRDA:21,1,0,1
BRDA:21,1,1,1
BRDA:49,2,0,1
BRF:5
BRH:5
end_of_record
TN:
SF:src/components/screens/HomeScreen/index.tsx
FN:10,(anonymous_0)
FN:22,HomeScreen
FNF:2
FNH:0
FNDA:0,(anonymous_0)
FNDA:0,HomeScreen
DA:6,0
DA:10,0
DA:13,0
DA:23,0
LF:4
LH:0
BRF:0
BRH:0
end_of_record
